{"/Users/User/projects/slocal-decor/backend/models/art-services.js": {"path":"/Users/User/projects/slocal-decor/backend/models/art-services.js","statementMap":{"0":{"start":{"line":6,"column":2},"end":{"line":8,"column":3}},"1":{"start":{"line":7,"column":4},"end":{"line":7,"column":37}},"2":{"start":{"line":9,"column":2},"end":{"line":12,"column":3}},"3":{"start":{"line":10,"column":4},"end":{"line":10,"column":39}},"4":{"start":{"line":11,"column":4},"end":{"line":11,"column":43}},"5":{"start":{"line":13,"column":16},"end":{"line":13,"column":28}},"6":{"start":{"line":14,"column":2},"end":{"line":16,"column":3}},"7":{"start":{"line":15,"column":4},"end":{"line":15,"column":39}},"8":{"start":{"line":17,"column":2},"end":{"line":23,"column":3}},"9":{"start":{"line":22,"column":4},"end":{"line":22,"column":44}},"10":{"start":{"line":24,"column":17},"end":{"line":24,"column":34}},"11":{"start":{"line":25,"column":18},"end":{"line":25,"column":31}},"12":{"start":{"line":26,"column":2},"end":{"line":26,"column":17}},"13":{"start":{"line":29,"column":18},"end":{"line":29,"column":48}},"14":{"start":{"line":30,"column":2},"end":{"line":30,"column":17}},"15":{"start":{"line":35,"column":2},"end":{"line":41,"column":3}},"16":{"start":{"line":36,"column":4},"end":{"line":36,"column":30}},"17":{"start":{"line":37,"column":9},"end":{"line":41,"column":3}},"18":{"start":{"line":38,"column":4},"end":{"line":38,"column":36}},"19":{"start":{"line":40,"column":4},"end":{"line":40,"column":34}},"20":{"start":{"line":42,"column":2},"end":{"line":42,"column":17}},"21":{"start":{"line":46,"column":2},"end":{"line":48,"column":3}},"22":{"start":{"line":47,"column":4},"end":{"line":47,"column":42}},"23":{"start":{"line":49,"column":2},"end":{"line":49,"column":43}},"24":{"start":{"line":53,"column":2},"end":{"line":53,"column":31}},"25":{"start":{"line":57,"column":2},"end":{"line":61,"column":4}},"26":{"start":{"line":65,"column":21},"end":{"line":72,"column":3}},"27":{"start":{"line":73,"column":2},"end":{"line":75,"column":3}},"28":{"start":{"line":74,"column":4},"end":{"line":74,"column":36}},"29":{"start":{"line":76,"column":2},"end":{"line":76,"column":42}}},"fnMap":{"0":{"name":"addArt","decl":{"start":{"line":5,"column":9},"end":{"line":5,"column":15}},"loc":{"start":{"line":5,"column":21},"end":{"line":27,"column":1}},"line":5},"1":{"name":"deleteArt","decl":{"start":{"line":28,"column":9},"end":{"line":28,"column":18}},"loc":{"start":{"line":28,"column":23},"end":{"line":31,"column":1}},"line":28},"2":{"name":"getArt","decl":{"start":{"line":33,"column":9},"end":{"line":33,"column":15}},"loc":{"start":{"line":33,"column":29},"end":{"line":43,"column":1}},"line":33},"3":{"name":"findArtByOwner","decl":{"start":{"line":45,"column":9},"end":{"line":45,"column":23}},"loc":{"start":{"line":45,"column":33},"end":{"line":50,"column":1}},"line":45},"4":{"name":"findArtById","decl":{"start":{"line":52,"column":9},"end":{"line":52,"column":20}},"loc":{"start":{"line":52,"column":25},"end":{"line":54,"column":1}},"line":52},"5":{"name":"updateOwner","decl":{"start":{"line":56,"column":9},"end":{"line":56,"column":20}},"loc":{"start":{"line":56,"column":35},"end":{"line":62,"column":1}},"line":56},"6":{"name":"findArtByType","decl":{"start":{"line":64,"column":9},"end":{"line":64,"column":22}},"loc":{"start":{"line":64,"column":29},"end":{"line":77,"column":1}},"line":64}},"branchMap":{"0":{"loc":{"start":{"line":6,"column":2},"end":{"line":8,"column":3}},"type":"if","locations":[{"start":{"line":6,"column":2},"end":{"line":8,"column":3}},{"start":{},"end":{}}],"line":6},"1":{"loc":{"start":{"line":6,"column":6},"end":{"line":6,"column":42}},"type":"binary-expr","locations":[{"start":{"line":6,"column":6},"end":{"line":6,"column":19}},{"start":{"line":6,"column":23},"end":{"line":6,"column":42}}],"line":6},"2":{"loc":{"start":{"line":9,"column":2},"end":{"line":12,"column":3}},"type":"if","locations":[{"start":{"line":9,"column":2},"end":{"line":12,"column":3}},{"start":{},"end":{}}],"line":9},"3":{"loc":{"start":{"line":9,"column":6},"end":{"line":9,"column":42}},"type":"binary-expr","locations":[{"start":{"line":9,"column":6},"end":{"line":9,"column":19}},{"start":{"line":9,"column":23},"end":{"line":9,"column":42}}],"line":9},"4":{"loc":{"start":{"line":14,"column":2},"end":{"line":16,"column":3}},"type":"if","locations":[{"start":{"line":14,"column":2},"end":{"line":16,"column":3}},{"start":{},"end":{}}],"line":14},"5":{"loc":{"start":{"line":14,"column":6},"end":{"line":14,"column":46}},"type":"binary-expr","locations":[{"start":{"line":14,"column":6},"end":{"line":14,"column":21}},{"start":{"line":14,"column":25},"end":{"line":14,"column":46}}],"line":14},"6":{"loc":{"start":{"line":17,"column":2},"end":{"line":23,"column":3}},"type":"if","locations":[{"start":{"line":17,"column":2},"end":{"line":23,"column":3}},{"start":{},"end":{}}],"line":17},"7":{"loc":{"start":{"line":18,"column":4},"end":{"line":20,"column":33}},"type":"binary-expr","locations":[{"start":{"line":18,"column":4},"end":{"line":18,"column":24}},{"start":{"line":19,"column":4},"end":{"line":19,"column":34}},{"start":{"line":20,"column":4},"end":{"line":20,"column":33}}],"line":18},"8":{"loc":{"start":{"line":35,"column":2},"end":{"line":41,"column":3}},"type":"if","locations":[{"start":{"line":35,"column":2},"end":{"line":41,"column":3}},{"start":{"line":37,"column":9},"end":{"line":41,"column":3}}],"line":35},"9":{"loc":{"start":{"line":35,"column":6},"end":{"line":35,"column":47}},"type":"binary-expr","locations":[{"start":{"line":35,"column":6},"end":{"line":35,"column":25}},{"start":{"line":35,"column":29},"end":{"line":35,"column":47}}],"line":35},"10":{"loc":{"start":{"line":37,"column":9},"end":{"line":41,"column":3}},"type":"if","locations":[{"start":{"line":37,"column":9},"end":{"line":41,"column":3}},{"start":{"line":39,"column":9},"end":{"line":41,"column":3}}],"line":37},"11":{"loc":{"start":{"line":46,"column":2},"end":{"line":48,"column":3}},"type":"if","locations":[{"start":{"line":46,"column":2},"end":{"line":48,"column":3}},{"start":{},"end":{}}],"line":46},"12":{"loc":{"start":{"line":73,"column":2},"end":{"line":75,"column":3}},"type":"if","locations":[{"start":{"line":73,"column":2},"end":{"line":75,"column":3}},{"start":{},"end":{}}],"line":73},"13":{"loc":{"start":{"line":73,"column":6},"end":{"line":73,"column":60}},"type":"binary-expr","locations":[{"start":{"line":73,"column":6},"end":{"line":73,"column":30}},{"start":{"line":73,"column":34},"end":{"line":73,"column":60}}],"line":73}},"s":{"0":5,"1":1,"2":4,"3":1,"4":1,"5":3,"6":3,"7":1,"8":2,"9":1,"10":1,"11":1,"12":1,"13":2,"14":2,"15":7,"16":1,"17":6,"18":2,"19":4,"20":4,"21":2,"22":1,"23":1,"24":2,"25":3,"26":4,"27":4,"28":2,"29":2},"f":{"0":5,"1":2,"2":7,"3":2,"4":2,"5":3,"6":4},"b":{"0":[1,4],"1":[5,4],"2":[1,3],"3":[4,3],"4":[1,2],"5":[3,2],"6":[1,1],"7":[2,1,1],"8":[1,6],"9":[7,4],"10":[2,4],"11":[1,1],"12":[2,2],"13":[4,3]},"_coverageSchema":"1a1c01bbd47fc00a2c39e90264f33305004495a9","hash":"ae3216a81b6f10a7a6014e9d510cd6f0356455c2"}
,"/Users/User/projects/slocal-decor/backend/models/art.js": {"path":"/Users/User/projects/slocal-decor/backend/models/art.js","statementMap":{"0":{"start":{"line":3,"column":18},"end":{"line":51,"column":1}},"1":{"start":{"line":53,"column":12},"end":{"line":53,"column":44}}},"fnMap":{},"branchMap":{},"s":{"0":2,"1":2},"f":{},"b":{},"_coverageSchema":"1a1c01bbd47fc00a2c39e90264f33305004495a9","hash":"1ab37d61609f86ef8ac1f37aeca7814c6b64feb0"}
,"/Users/User/projects/slocal-decor/backend/models/user-services.js": {"path":"/Users/User/projects/slocal-decor/backend/models/user-services.js","statementMap":{"0":{"start":{"line":6,"column":2},"end":{"line":8,"column":3}},"1":{"start":{"line":7,"column":4},"end":{"line":7,"column":36}},"2":{"start":{"line":9,"column":2},"end":{"line":11,"column":3}},"3":{"start":{"line":10,"column":4},"end":{"line":10,"column":37}},"4":{"start":{"line":12,"column":2},"end":{"line":14,"column":3}},"5":{"start":{"line":13,"column":4},"end":{"line":13,"column":37}},"6":{"start":{"line":15,"column":2},"end":{"line":17,"column":3}},"7":{"start":{"line":16,"column":4},"end":{"line":16,"column":40}},"8":{"start":{"line":18,"column":20},"end":{"line":18,"column":39}},"9":{"start":{"line":19,"column":18},"end":{"line":19,"column":34}},"10":{"start":{"line":20,"column":2},"end":{"line":20,"column":17}},"11":{"start":{"line":24,"column":21},"end":{"line":24,"column":59}},"12":{"start":{"line":25,"column":21},"end":{"line":25,"column":56}},"13":{"start":{"line":26,"column":18},"end":{"line":26,"column":55}},"14":{"start":{"line":27,"column":2},"end":{"line":27,"column":17}},"15":{"start":{"line":31,"column":15},"end":{"line":31,"column":46}},"16":{"start":{"line":32,"column":18},"end":{"line":32,"column":37}},"17":{"start":{"line":33,"column":2},"end":{"line":33,"column":17}},"18":{"start":{"line":37,"column":15},"end":{"line":37,"column":74}},"19":{"start":{"line":38,"column":18},"end":{"line":38,"column":37}},"20":{"start":{"line":39,"column":2},"end":{"line":39,"column":17}},"21":{"start":{"line":43,"column":15},"end":{"line":43,"column":50}},"22":{"start":{"line":44,"column":18},"end":{"line":44,"column":37}},"23":{"start":{"line":45,"column":2},"end":{"line":45,"column":17}},"24":{"start":{"line":49,"column":15},"end":{"line":49,"column":48}},"25":{"start":{"line":50,"column":18},"end":{"line":50,"column":37}},"26":{"start":{"line":51,"column":2},"end":{"line":51,"column":17}},"27":{"start":{"line":55,"column":22},"end":{"line":57,"column":4}},"28":{"start":{"line":58,"column":18},"end":{"line":58,"column":44}},"29":{"start":{"line":59,"column":2},"end":{"line":59,"column":17}},"30":{"start":{"line":63,"column":22},"end":{"line":67,"column":3}},"31":{"start":{"line":68,"column":18},"end":{"line":68,"column":44}},"32":{"start":{"line":69,"column":2},"end":{"line":69,"column":17}},"33":{"start":{"line":73,"column":16},"end":{"line":73,"column":34}},"34":{"start":{"line":74,"column":18},"end":{"line":74,"column":38}},"35":{"start":{"line":75,"column":2},"end":{"line":75,"column":17}},"36":{"start":{"line":79,"column":2},"end":{"line":81,"column":3}},"37":{"start":{"line":80,"column":4},"end":{"line":80,"column":53}},"38":{"start":{"line":82,"column":22},"end":{"line":86,"column":3}},"39":{"start":{"line":87,"column":18},"end":{"line":87,"column":44}},"40":{"start":{"line":88,"column":2},"end":{"line":88,"column":17}},"41":{"start":{"line":92,"column":2},"end":{"line":94,"column":3}},"42":{"start":{"line":93,"column":4},"end":{"line":93,"column":53}},"43":{"start":{"line":95,"column":22},"end":{"line":99,"column":3}},"44":{"start":{"line":100,"column":18},"end":{"line":100,"column":44}},"45":{"start":{"line":101,"column":2},"end":{"line":101,"column":17}}},"fnMap":{"0":{"name":"addUser","decl":{"start":{"line":5,"column":9},"end":{"line":5,"column":16}},"loc":{"start":{"line":5,"column":23},"end":{"line":21,"column":1}},"line":5},"1":{"name":"deleteUser","decl":{"start":{"line":23,"column":9},"end":{"line":23,"column":19}},"loc":{"start":{"line":23,"column":28},"end":{"line":28,"column":1}},"line":23},"2":{"name":"findUserById","decl":{"start":{"line":30,"column":9},"end":{"line":30,"column":21}},"loc":{"start":{"line":30,"column":30},"end":{"line":34,"column":1}},"line":30},"3":{"name":"findUserForLogin","decl":{"start":{"line":36,"column":9},"end":{"line":36,"column":25}},"loc":{"start":{"line":36,"column":33},"end":{"line":40,"column":1}},"line":36},"4":{"name":"findUserByEmail","decl":{"start":{"line":42,"column":9},"end":{"line":42,"column":24}},"loc":{"start":{"line":42,"column":32},"end":{"line":46,"column":1}},"line":42},"5":{"name":"findUserByName","decl":{"start":{"line":48,"column":9},"end":{"line":48,"column":23}},"loc":{"start":{"line":48,"column":30},"end":{"line":52,"column":1}},"line":48},"6":{"name":"updateUserById","decl":{"start":{"line":54,"column":9},"end":{"line":54,"column":23}},"loc":{"start":{"line":54,"column":43},"end":{"line":60,"column":1}},"line":54},"7":{"name":"updateUserArt","decl":{"start":{"line":62,"column":9},"end":{"line":62,"column":22}},"loc":{"start":{"line":62,"column":40},"end":{"line":70,"column":1}},"line":62},"8":{"name":"getUsers","decl":{"start":{"line":72,"column":9},"end":{"line":72,"column":17}},"loc":{"start":{"line":72,"column":20},"end":{"line":76,"column":1}},"line":72},"9":{"name":"removeArtFromUser","decl":{"start":{"line":78,"column":9},"end":{"line":78,"column":26}},"loc":{"start":{"line":78,"column":42},"end":{"line":89,"column":1}},"line":78},"10":{"name":"unsaveArt","decl":{"start":{"line":91,"column":9},"end":{"line":91,"column":18}},"loc":{"start":{"line":91,"column":34},"end":{"line":102,"column":1}},"line":91}},"branchMap":{"0":{"loc":{"start":{"line":6,"column":2},"end":{"line":8,"column":3}},"type":"if","locations":[{"start":{"line":6,"column":2},"end":{"line":8,"column":3}},{"start":{},"end":{}}],"line":6},"1":{"loc":{"start":{"line":6,"column":6},"end":{"line":6,"column":42}},"type":"binary-expr","locations":[{"start":{"line":6,"column":6},"end":{"line":6,"column":19}},{"start":{"line":6,"column":23},"end":{"line":6,"column":42}}],"line":6},"2":{"loc":{"start":{"line":9,"column":2},"end":{"line":11,"column":3}},"type":"if","locations":[{"start":{"line":9,"column":2},"end":{"line":11,"column":3}},{"start":{},"end":{}}],"line":9},"3":{"loc":{"start":{"line":9,"column":6},"end":{"line":9,"column":44}},"type":"binary-expr","locations":[{"start":{"line":9,"column":6},"end":{"line":9,"column":20}},{"start":{"line":9,"column":24},"end":{"line":9,"column":44}}],"line":9},"4":{"loc":{"start":{"line":12,"column":2},"end":{"line":14,"column":3}},"type":"if","locations":[{"start":{"line":12,"column":2},"end":{"line":14,"column":3}},{"start":{},"end":{}}],"line":12},"5":{"loc":{"start":{"line":12,"column":6},"end":{"line":12,"column":44}},"type":"binary-expr","locations":[{"start":{"line":12,"column":6},"end":{"line":12,"column":20}},{"start":{"line":12,"column":24},"end":{"line":12,"column":44}}],"line":12},"6":{"loc":{"start":{"line":15,"column":2},"end":{"line":17,"column":3}},"type":"if","locations":[{"start":{"line":15,"column":2},"end":{"line":17,"column":3}},{"start":{},"end":{}}],"line":15},"7":{"loc":{"start":{"line":79,"column":2},"end":{"line":81,"column":3}},"type":"if","locations":[{"start":{"line":79,"column":2},"end":{"line":81,"column":3}},{"start":{},"end":{}}],"line":79},"8":{"loc":{"start":{"line":79,"column":6},"end":{"line":79,"column":23}},"type":"binary-expr","locations":[{"start":{"line":79,"column":6},"end":{"line":79,"column":13}},{"start":{"line":79,"column":17},"end":{"line":79,"column":23}}],"line":79},"9":{"loc":{"start":{"line":92,"column":2},"end":{"line":94,"column":3}},"type":"if","locations":[{"start":{"line":92,"column":2},"end":{"line":94,"column":3}},{"start":{},"end":{}}],"line":92},"10":{"loc":{"start":{"line":92,"column":6},"end":{"line":92,"column":23}},"type":"binary-expr","locations":[{"start":{"line":92,"column":6},"end":{"line":92,"column":13}},{"start":{"line":92,"column":17},"end":{"line":92,"column":23}}],"line":92}},"s":{"0":5,"1":1,"2":4,"3":1,"4":3,"5":1,"6":2,"7":1,"8":1,"9":1,"10":1,"11":2,"12":2,"13":2,"14":2,"15":2,"16":2,"17":2,"18":2,"19":2,"20":2,"21":2,"22":2,"23":2,"24":2,"25":2,"26":2,"27":3,"28":3,"29":3,"30":3,"31":3,"32":3,"33":2,"34":2,"35":2,"36":4,"37":3,"38":1,"39":1,"40":1,"41":4,"42":3,"43":1,"44":1,"45":1},"f":{"0":5,"1":2,"2":2,"3":2,"4":2,"5":2,"6":3,"7":3,"8":2,"9":4,"10":4},"b":{"0":[1,4],"1":[5,4],"2":[1,3],"3":[4,3],"4":[1,2],"5":[3,2],"6":[1,1],"7":[3,1],"8":[4,2],"9":[3,1],"10":[4,2]},"_coverageSchema":"1a1c01bbd47fc00a2c39e90264f33305004495a9","hash":"7b9d9ab0bb9d16bd65dc60ad3a327ff938c47ba2"}
,"/Users/User/projects/slocal-decor/backend/models/user.js": {"path":"/Users/User/projects/slocal-decor/backend/models/user.js","statementMap":{"0":{"start":{"line":4,"column":19},"end":{"line":51,"column":1}},"1":{"start":{"line":53,"column":13},"end":{"line":53,"column":47}}},"fnMap":{},"branchMap":{},"s":{"0":1,"1":1},"f":{},"b":{},"_coverageSchema":"1a1c01bbd47fc00a2c39e90264f33305004495a9","hash":"14f83faad0b2a535129c0e4f6b764d77ee0e8db0"}
}
