TN:
SF:backend/models/art-services.js
FN:5,addArt
FN:28,deleteArt
FN:33,getArt
FN:45,findArtByOwner
FN:52,findArtById
FN:56,updateOwner
FN:64,findArtByType
FNF:7
FNH:7
FNDA:5,addArt
FNDA:2,deleteArt
FNDA:7,getArt
FNDA:2,findArtByOwner
FNDA:2,findArtById
FNDA:3,updateOwner
FNDA:4,findArtByType
DA:6,5
DA:7,1
DA:9,4
DA:10,1
DA:11,1
DA:13,3
DA:14,3
DA:15,1
DA:17,2
DA:22,1
DA:24,1
DA:25,1
DA:26,1
DA:29,2
DA:30,2
DA:35,7
DA:36,1
DA:37,6
DA:38,2
DA:40,4
DA:42,4
DA:46,2
DA:47,1
DA:49,1
DA:53,2
DA:57,3
DA:65,4
DA:73,4
DA:74,2
DA:76,2
LF:30
LH:30
BRDA:6,0,0,1
BRDA:6,0,1,4
BRDA:6,1,0,5
BRDA:6,1,1,4
BRDA:9,2,0,1
BRDA:9,2,1,3
BRDA:9,3,0,4
BRDA:9,3,1,3
BRDA:14,4,0,1
BRDA:14,4,1,2
BRDA:14,5,0,3
BRDA:14,5,1,2
BRDA:17,6,0,1
BRDA:17,6,1,1
BRDA:18,7,0,2
BRDA:18,7,1,1
BRDA:18,7,2,1
BRDA:35,8,0,1
BRDA:35,8,1,6
BRDA:35,9,0,7
BRDA:35,9,1,4
BRDA:37,10,0,2
BRDA:37,10,1,4
BRDA:46,11,0,1
BRDA:46,11,1,1
BRDA:73,12,0,2
BRDA:73,12,1,2
BRDA:73,13,0,4
BRDA:73,13,1,3
BRF:29
BRH:29
end_of_record
TN:
SF:backend/models/art.js
FNF:0
FNH:0
DA:3,2
DA:53,2
LF:2
LH:2
BRF:0
BRH:0
end_of_record
TN:
SF:backend/models/user-services.js
FN:5,addUser
FN:23,deleteUser
FN:30,findUserById
FN:36,findUserForLogin
FN:42,findUserByEmail
FN:48,findUserByName
FN:54,updateUserById
FN:62,updateUserArt
FN:72,getUsers
FN:78,removeArtFromUser
FN:91,unsaveArt
FNF:11
FNH:11
FNDA:5,addUser
FNDA:2,deleteUser
FNDA:2,findUserById
FNDA:2,findUserForLogin
FNDA:2,findUserByEmail
FNDA:2,findUserByName
FNDA:3,updateUserById
FNDA:3,updateUserArt
FNDA:2,getUsers
FNDA:4,removeArtFromUser
FNDA:4,unsaveArt
DA:6,5
DA:7,1
DA:9,4
DA:10,1
DA:12,3
DA:13,1
DA:15,2
DA:16,1
DA:18,1
DA:19,1
DA:20,1
DA:24,2
DA:25,2
DA:26,2
DA:27,2
DA:31,2
DA:32,2
DA:33,2
DA:37,2
DA:38,2
DA:39,2
DA:43,2
DA:44,2
DA:45,2
DA:49,2
DA:50,2
DA:51,2
DA:55,3
DA:58,3
DA:59,3
DA:63,3
DA:68,3
DA:69,3
DA:73,2
DA:74,2
DA:75,2
DA:79,4
DA:80,3
DA:82,1
DA:87,1
DA:88,1
DA:92,4
DA:93,3
DA:95,1
DA:100,1
DA:101,1
LF:46
LH:46
BRDA:6,0,0,1
BRDA:6,0,1,4
BRDA:6,1,0,5
BRDA:6,1,1,4
BRDA:9,2,0,1
BRDA:9,2,1,3
BRDA:9,3,0,4
BRDA:9,3,1,3
BRDA:12,4,0,1
BRDA:12,4,1,2
BRDA:12,5,0,3
BRDA:12,5,1,2
BRDA:15,6,0,1
BRDA:15,6,1,1
BRDA:79,7,0,3
BRDA:79,7,1,1
BRDA:79,8,0,4
BRDA:79,8,1,2
BRDA:92,9,0,3
BRDA:92,9,1,1
BRDA:92,10,0,4
BRDA:92,10,1,2
BRF:22
BRH:22
end_of_record
TN:
SF:backend/models/user.js
FNF:0
FNH:0
DA:4,1
DA:53,1
LF:2
LH:2
BRF:0
BRH:0
end_of_record
